{"/Users/enes.tuefekci/Workspace/oss/reactive-subject/src/index.ts": {"path":"/Users/enes.tuefekci/Workspace/oss/reactive-subject/src/index.ts","statementMap":{"0":{"start":{"line":6,"column":17},"end":{"line":6,"column":29}},"1":{"start":{"line":7,"column":36},"end":{"line":7,"column":38}},"2":{"start":{"line":8,"column":14},"end":{"line":8,"column":15}},"3":{"start":{"line":11,"column":4},"end":{"line":11,"column":22}},"4":{"start":{"line":12,"column":4},"end":{"line":16,"column":null}},"5":{"start":{"line":12,"column":17},"end":{"line":12,"column":18}},"6":{"start":{"line":12,"column":24},"end":{"line":12,"column":57}},"7":{"start":{"line":13,"column":20},"end":{"line":13,"column":35}},"8":{"start":{"line":14,"column":6},"end":{"line":14,"column":34}},"9":{"start":{"line":15,"column":6},"end":{"line":15,"column":24}},"10":{"start":{"line":19,"column":16},"end":{"line":19,"column":23}},"11":{"start":{"line":20,"column":4},"end":{"line":20,"column":34}},"12":{"start":{"line":21,"column":4},"end":{"line":25,"column":6}},"13":{"start":{"line":23,"column":8},"end":{"line":23,"column":32}},"14":{"start":{"line":29,"column":4},"end":{"line":29,"column":17}},"15":{"start":{"line":31,"column":2},"end":{"line":35,"column":4}},"16":{"start":{"line":5,"column":0},"end":{"line":5,"column":16}}},"fnMap":{"0":{"name":"createSubject","decl":{"start":{"line":5,"column":16},"end":{"line":5,"column":29}},"loc":{"start":{"line":5,"column":48},"end":{"line":36,"column":1}}},"1":{"name":"next","decl":{"start":{"line":10,"column":11},"end":{"line":10,"column":15}},"loc":{"start":{"line":10,"column":28},"end":{"line":17,"column":3}}},"2":{"name":"subscribe","decl":{"start":{"line":18,"column":11},"end":{"line":18,"column":20}},"loc":{"start":{"line":18,"column":46},"end":{"line":26,"column":3}}},"3":{"name":"(anonymous_3)","decl":{"start":{"line":22,"column":19},"end":{"line":22,"column":null}},"loc":{"start":{"line":22,"column":19},"end":{"line":24,"column":7}}},"4":{"name":"getValue","decl":{"start":{"line":28,"column":11},"end":{"line":28,"column":19}},"loc":{"start":{"line":28,"column":19},"end":{"line":30,"column":3}}}},"branchMap":{},"s":{"0":4,"1":4,"2":4,"3":2,"4":2,"5":2,"6":2,"7":4,"8":4,"9":4,"10":5,"11":5,"12":5,"13":1,"14":1,"15":4,"16":1},"f":{"0":4,"1":2,"2":5,"3":1,"4":1},"b":{}}
}
